[INFO ] 2020-11-06 18:35:12.922 [main] DeliveryScheduleCrudApplicationKt - Starting DeliveryScheduleCrudApplicationKt on DESKTOP-ATSEQH3 with PID 16280 (E:\DeliveryScheduleCRUD\target\classes started by kprab in E:\DeliveryScheduleCRUD)
[INFO ] 2020-11-06 18:35:12.968 [main] DeliveryScheduleCrudApplicationKt - No active profile set, falling back to default profiles: default
[INFO ] 2020-11-06 18:36:30.745 [main] DeliveryScheduleCrudApplicationKt - Started DeliveryScheduleCrudApplicationKt in 78.966 seconds (JVM running for 85.823)
[INFO ] 2020-11-06 18:53:59.444 [main] DeliveryScheduleCrudApplicationKt - Starting DeliveryScheduleCrudApplicationKt on DESKTOP-ATSEQH3 with PID 13660 (E:\DeliveryScheduleCRUD\target\classes started by kprab in E:\DeliveryScheduleCRUD)
[INFO ] 2020-11-06 18:53:59.589 [main] DeliveryScheduleCrudApplicationKt - No active profile set, falling back to default profiles: default
[INFO ] 2020-11-06 18:54:56.006 [main] DeliveryScheduleCrudApplicationKt - Started DeliveryScheduleCrudApplicationKt in 58.36 seconds (JVM running for 73.561)
[INFO ] 2020-11-06 18:55:57.024 [http-nio-8097-exec-3] DeliveryScheduleCrudController - Inside Base Controller
[INFO ] 2020-11-06 19:50:23.600 [main] DeliveryScheduleCrudApplicationKt - Starting DeliveryScheduleCrudApplicationKt on DESKTOP-ATSEQH3 with PID 2724 (E:\DeliveryScheduleCRUD\target\classes started by kprab in E:\DeliveryScheduleCRUD)
[INFO ] 2020-11-06 19:50:23.676 [main] DeliveryScheduleCrudApplicationKt - No active profile set, falling back to default profiles: default
[INFO ] 2020-11-06 19:51:14.403 [main] DeliveryScheduleCrudApplicationKt - Started DeliveryScheduleCrudApplicationKt in 52.033 seconds (JVM running for 62.607)
[INFO ] 2020-11-06 19:52:06.253 [http-nio-8097-exec-2] DeliveryScheduleCrudController - Inside Base Controller
[INFO ] 2020-11-06 20:01:02.130 [http-nio-8097-exec-5] DeliveryScheduleCrudController - Inside Base Controller
[INFO ] 2020-11-06 20:13:23.363 [main] DeliveryScheduleCrudApplicationKt - Starting DeliveryScheduleCrudApplicationKt on DESKTOP-ATSEQH3 with PID 15000 (E:\DeliveryScheduleCRUD\target\classes started by kprab in E:\DeliveryScheduleCRUD)
[INFO ] 2020-11-06 20:13:23.407 [main] DeliveryScheduleCrudApplicationKt - No active profile set, falling back to default profiles: default
[INFO ] 2020-11-06 20:14:11.749 [main] DeliveryScheduleCrudApplicationKt - Started DeliveryScheduleCrudApplicationKt in 49.497 seconds (JVM running for 61.621)
[INFO ] 2020-11-06 20:16:11.451 [http-nio-8097-exec-6] DeliveryScheduleCrudController - Inside Base Controller
[INFO ] 2020-11-06 20:18:58.157 [main] DeliveryScheduleCrudApplicationKt - Starting DeliveryScheduleCrudApplicationKt on DESKTOP-ATSEQH3 with PID 468 (E:\DeliveryScheduleCRUD\target\classes started by kprab in E:\DeliveryScheduleCRUD)
[INFO ] 2020-11-06 20:18:58.186 [main] DeliveryScheduleCrudApplicationKt - No active profile set, falling back to default profiles: default
[INFO ] 2020-11-06 20:19:43.979 [main] DeliveryScheduleCrudApplicationKt - Started DeliveryScheduleCrudApplicationKt in 47.315 seconds (JVM running for 63.434)
[INFO ] 2020-11-06 20:19:50.169 [http-nio-8097-exec-2] DeliveryScheduleCrudController - Inside Base Controller
[INFO ] 2020-11-06 20:21:00.223 [http-nio-8097-exec-4] DeliveryScheduleCrudController - Inside Base Controller
[INFO ] 2020-11-06 20:26:14.954 [main] DeliveryScheduleCrudApplicationKt - Starting DeliveryScheduleCrudApplicationKt on DESKTOP-ATSEQH3 with PID 13052 (E:\DeliveryScheduleCRUD\target\classes started by kprab in E:\DeliveryScheduleCRUD)
[INFO ] 2020-11-06 20:26:14.996 [main] DeliveryScheduleCrudApplicationKt - No active profile set, falling back to default profiles: default
[INFO ] 2020-11-06 20:26:48.482 [main] DeliveryScheduleCrudApplicationKt - Started DeliveryScheduleCrudApplicationKt in 34.326 seconds (JVM running for 42.136)
[INFO ] 2020-11-06 20:31:06.333 [main] DeliveryScheduleCrudApplicationKt - Starting DeliveryScheduleCrudApplicationKt on DESKTOP-ATSEQH3 with PID 11512 (E:\DeliveryScheduleCRUD\target\classes started by kprab in E:\DeliveryScheduleCRUD)
[INFO ] 2020-11-06 20:31:06.368 [main] DeliveryScheduleCrudApplicationKt - No active profile set, falling back to default profiles: default
[INFO ] 2020-11-06 20:31:38.439 [main] DeliveryScheduleCrudApplicationKt - Started DeliveryScheduleCrudApplicationKt in 33.161 seconds (JVM running for 39.12)
[INFO ] 2020-11-06 20:31:52.806 [http-nio-8097-exec-3] DeliveryScheduleCrudController - Inside Base Controller
[INFO ] 2020-11-06 20:34:54.268 [main] DeliveryScheduleCrudApplicationKt - Starting DeliveryScheduleCrudApplicationKt on DESKTOP-ATSEQH3 with PID 5544 (E:\DeliveryScheduleCRUD\target\classes started by kprab in E:\DeliveryScheduleCRUD)
[INFO ] 2020-11-06 20:34:54.290 [main] DeliveryScheduleCrudApplicationKt - No active profile set, falling back to default profiles: default
[INFO ] 2020-11-06 20:35:29.779 [main] DeliveryScheduleCrudApplicationKt - Started DeliveryScheduleCrudApplicationKt in 36.166 seconds (JVM running for 44.626)
[INFO ] 2020-11-06 20:35:50.895 [http-nio-8097-exec-2] DeliveryScheduleCrudController - Inside Base Controller
[INFO ] 2020-11-06 20:40:16.767 [main] DeliveryScheduleCrudApplicationKt - Starting DeliveryScheduleCrudApplicationKt on DESKTOP-ATSEQH3 with PID 8128 (E:\DeliveryScheduleCRUD\target\classes started by kprab in E:\DeliveryScheduleCRUD)
[INFO ] 2020-11-06 20:40:16.799 [main] DeliveryScheduleCrudApplicationKt - No active profile set, falling back to default profiles: default
[INFO ] 2020-11-06 20:40:54.178 [main] DeliveryScheduleCrudApplicationKt - Started DeliveryScheduleCrudApplicationKt in 38.163 seconds (JVM running for 46.868)
[INFO ] 2020-11-06 20:41:13.557 [http-nio-8097-exec-3] DeliveryScheduleCrudController - Inside Base Controller
[INFO ] 2020-11-06 20:43:00.375 [main] DeliveryScheduleCrudApplicationKt - Starting DeliveryScheduleCrudApplicationKt on DESKTOP-ATSEQH3 with PID 14244 (E:\DeliveryScheduleCRUD\target\classes started by kprab in E:\DeliveryScheduleCRUD)
[INFO ] 2020-11-06 20:43:00.406 [main] DeliveryScheduleCrudApplicationKt - No active profile set, falling back to default profiles: default
[INFO ] 2020-11-06 20:43:33.117 [main] DeliveryScheduleCrudApplicationKt - Started DeliveryScheduleCrudApplicationKt in 33.604 seconds (JVM running for 38.826)
[INFO ] 2020-11-06 20:44:21.178 [http-nio-8097-exec-3] DeliveryScheduleCrudController - Inside Base Controller
[INFO ] 2020-11-06 20:44:40.001 [http-nio-8097-exec-5] DeliveryScheduleCrudController - Inside Base Controller
[INFO ] 2020-11-06 20:46:03.795 [http-nio-8097-exec-9] DeliveryScheduleCrudController - Inside Base Controller
[INFO ] 2020-11-06 20:53:01.068 [main] DeliveryScheduleCrudApplicationKt - Starting DeliveryScheduleCrudApplicationKt on DESKTOP-ATSEQH3 with PID 11548 (E:\DeliveryScheduleCRUD\target\classes started by kprab in E:\DeliveryScheduleCRUD)
[INFO ] 2020-11-06 20:53:01.089 [main] DeliveryScheduleCrudApplicationKt - No active profile set, falling back to default profiles: default
[INFO ] 2020-11-06 20:53:38.730 [main] DeliveryScheduleCrudApplicationKt - Started DeliveryScheduleCrudApplicationKt in 38.405 seconds (JVM running for 46.028)
[INFO ] 2020-11-06 20:55:27.052 [main] DeliveryScheduleCrudApplicationKt - Starting DeliveryScheduleCrudApplicationKt on DESKTOP-ATSEQH3 with PID 1392 (E:\DeliveryScheduleCRUD\target\classes started by kprab in E:\DeliveryScheduleCRUD)
[INFO ] 2020-11-06 20:55:27.086 [main] DeliveryScheduleCrudApplicationKt - No active profile set, falling back to default profiles: default
[INFO ] 2020-11-06 20:56:11.089 [main] DeliveryScheduleCrudApplicationKt - Started DeliveryScheduleCrudApplicationKt in 44.873 seconds (JVM running for 51.005)
[INFO ] 2020-11-06 20:57:44.361 [main] DeliveryScheduleCrudApplicationKt - Starting DeliveryScheduleCrudApplicationKt on DESKTOP-ATSEQH3 with PID 15636 (E:\DeliveryScheduleCRUD\target\classes started by kprab in E:\DeliveryScheduleCRUD)
[INFO ] 2020-11-06 20:57:44.393 [main] DeliveryScheduleCrudApplicationKt - No active profile set, falling back to default profiles: default
[INFO ] 2020-11-06 20:58:18.508 [main] DeliveryScheduleCrudApplicationKt - Started DeliveryScheduleCrudApplicationKt in 35.194 seconds (JVM running for 41.723)
[INFO ] 2020-11-06 21:18:40.120 [main] DeliveryScheduleCrudApplicationKt - Starting DeliveryScheduleCrudApplicationKt on DESKTOP-ATSEQH3 with PID 11132 (E:\DeliveryScheduleCRUD\target\classes started by kprab in E:\DeliveryScheduleCRUD)
[INFO ] 2020-11-06 21:18:40.150 [main] DeliveryScheduleCrudApplicationKt - No active profile set, falling back to default profiles: default
[INFO ] 2020-11-06 21:20:31.951 [main] DeliveryScheduleCrudApplicationKt - Starting DeliveryScheduleCrudApplicationKt on DESKTOP-ATSEQH3 with PID 1484 (E:\DeliveryScheduleCRUD\target\classes started by kprab in E:\DeliveryScheduleCRUD)
[INFO ] 2020-11-06 21:20:31.969 [main] DeliveryScheduleCrudApplicationKt - No active profile set, falling back to default profiles: default
[INFO ] 2020-11-06 21:21:16.780 [main] DeliveryScheduleCrudApplicationKt - Started DeliveryScheduleCrudApplicationKt in 45.362 seconds (JVM running for 49.525)
[INFO ] 2020-11-06 21:22:01.856 [http-nio-8097-exec-2] DeliveryScheduleCrudController - Inside Base Controller
[INFO ] 2020-11-06 21:23:52.939 [http-nio-8097-exec-7] DeliveryScheduleCrudController - Inside Base Controller
[INFO ] 2020-11-07 10:05:16.877 [main] DeliveryScheduleCrudApplicationKt - Starting DeliveryScheduleCrudApplicationKt on DESKTOP-ROUVRQG with PID 13444 (D:\springcosmosservice\target\classes started by Smile in D:\springcosmosservice)
[INFO ] 2020-11-07 10:05:17.030 [main] DeliveryScheduleCrudApplicationKt - No active profile set, falling back to default profiles: default
[INFO ] 2020-11-07 10:06:08.442 [main] DeliveryScheduleCrudApplicationKt - Started DeliveryScheduleCrudApplicationKt in 53.036 seconds (JVM running for 62.748)
[INFO ] 2020-11-07 10:25:37.957 [http-nio-8097-exec-2] DeliveryScheduleCrudController - Inside Base Controller
[INFO ] 2020-11-07 10:33:46.932 [http-nio-8097-exec-7] DeliveryScheduleCrudController - Inside Base Controller
[INFO ] 2020-11-07 10:40:23.245 [main] DeliveryScheduleCrudApplicationKt - Starting DeliveryScheduleCrudApplicationKt on DESKTOP-ROUVRQG with PID 1744 (D:\springcosmosservice\target\classes started by Smile in D:\springcosmosservice)
[INFO ] 2020-11-07 10:40:23.454 [main] DeliveryScheduleCrudApplicationKt - No active profile set, falling back to default profiles: default
[INFO ] 2020-11-07 10:41:22.368 [main] DeliveryScheduleCrudApplicationKt - Started DeliveryScheduleCrudApplicationKt in 61.281 seconds (JVM running for 75.513)
[INFO ] 2020-11-07 10:44:17.242 [http-nio-8097-exec-4] DeliveryScheduleCrudController - Inside Base Controller
[INFO ] 2020-11-07 11:42:11.158 [main] DeliveryScheduleCrudApplicationKt - Starting DeliveryScheduleCrudApplicationKt on DESKTOP-ROUVRQG with PID 18372 (D:\springcosmosservice\target\classes started by Smile in D:\springcosmosservice)
[INFO ] 2020-11-07 11:42:11.398 [main] DeliveryScheduleCrudApplicationKt - No active profile set, falling back to default profiles: default
[INFO ] 2020-11-07 11:43:45.861 [main] DeliveryScheduleCrudApplicationKt - Started DeliveryScheduleCrudApplicationKt in 99.025 seconds (JVM running for 140.127)
[INFO ] 2020-11-07 12:01:23.332 [main] DeliveryScheduleCrudApplicationKt - Starting DeliveryScheduleCrudApplicationKt on DESKTOP-ROUVRQG with PID 16212 (D:\springcosmosservice\target\classes started by Smile in D:\springcosmosservice)
[INFO ] 2020-11-07 12:01:23.399 [main] DeliveryScheduleCrudApplicationKt - No active profile set, falling back to default profiles: default
[INFO ] 2020-11-07 12:01:59.886 [main] DeliveryScheduleCrudApplicationKt - Started DeliveryScheduleCrudApplicationKt in 37.797 seconds (JVM running for 47.955)
[INFO ] 2020-11-07 12:02:18.423 [http-nio-8097-exec-1] DeliveryScheduleCrudController - Inside Base Controller
[INFO ] 2020-11-07 12:04:58.953 [main] DeliveryScheduleCrudApplicationKt - Starting DeliveryScheduleCrudApplicationKt on DESKTOP-ROUVRQG with PID 5292 (D:\springcosmosservice\target\classes started by Smile in D:\springcosmosservice)
[INFO ] 2020-11-07 12:04:59.333 [main] DeliveryScheduleCrudApplicationKt - No active profile set, falling back to default profiles: default
[INFO ] 2020-11-07 12:05:44.363 [main] DeliveryScheduleCrudApplicationKt - Started DeliveryScheduleCrudApplicationKt in 46.445 seconds (JVM running for 52.153)
[INFO ] 2020-11-07 12:05:57.159 [http-nio-8097-exec-1] DeliveryScheduleCrudController - Inside Base Controller
[INFO ] 2020-11-07 12:07:46.269 [http-nio-8097-exec-5] DeliveryScheduleCrudController - Inside Base Controller
[INFO ] 2020-11-07 12:08:08.470 [http-nio-8097-exec-7] DeliveryScheduleCrudController - Inside Base Controller
[INFO ] 2020-11-07 12:10:09.763 [http-nio-8097-exec-1] DeliveryScheduleCrudController - Inside Base Controller
[INFO ] 2020-11-07 12:13:20.080 [http-nio-8097-exec-5] DeliveryScheduleCrudController - Inside Base Controller
[INFO ] 2020-11-07 12:14:26.649 [http-nio-8097-exec-9] DeliveryScheduleCrudController - Inside Base Controller
[INFO ] 2020-11-07 12:15:27.085 [http-nio-8097-exec-3] DeliveryScheduleCrudController - Inside Base Controller
[INFO ] 2020-11-07 12:18:32.972 [http-nio-8097-exec-9] DeliveryScheduleCrudController - Inside Base Controller
[INFO ] 2020-11-07 12:18:50.503 [http-nio-8097-exec-10] DeliveryScheduleCrudController - Inside Base Controller
[INFO ] 2020-11-07 12:20:07.670 [http-nio-8097-exec-3] DeliveryScheduleCrudController - Inside Base Controller
[INFO ] 2020-11-07 12:23:17.837 [main] DeliveryScheduleCrudApplicationKt - Starting DeliveryScheduleCrudApplicationKt on DESKTOP-ROUVRQG with PID 6288 (D:\springcosmosservice\target\classes started by Smile in D:\springcosmosservice)
[INFO ] 2020-11-07 12:23:17.912 [main] DeliveryScheduleCrudApplicationKt - No active profile set, falling back to default profiles: default
[INFO ] 2020-11-07 12:23:49.294 [main] DeliveryScheduleCrudApplicationKt - Started DeliveryScheduleCrudApplicationKt in 32.341 seconds (JVM running for 40.467)
[INFO ] 2020-11-07 12:25:05.577 [http-nio-8097-exec-1] DeliveryScheduleCrudController - Inside Base Controller
[INFO ] 2020-11-07 12:25:42.053 [http-nio-8097-exec-4] DeliveryScheduleCrudController - Inside Base Controller
[INFO ] 2020-11-07 12:57:04.583 [http-nio-8097-exec-6] DeliveryScheduleCrudController - Inside Base Controller
[INFO ] 2020-11-07 12:57:14.377 [http-nio-8097-exec-8] DeliveryScheduleCrudController - Inside Base Controller
[INFO ] 2020-11-07 12:57:23.705 [http-nio-8097-exec-10] DeliveryScheduleCrudController - Inside Base Controller
[INFO ] 2020-11-07 12:57:32.399 [http-nio-8097-exec-1] DeliveryScheduleCrudController - Inside Base Controller
[INFO ] 2020-11-07 12:58:04.807 [http-nio-8097-exec-5] DeliveryScheduleCrudController - Inside Base Controller
[INFO ] 2020-11-07 12:58:45.577 [main] DeliveryScheduleCrudApplicationKt - Starting DeliveryScheduleCrudApplicationKt on DESKTOP-ROUVRQG with PID 10880 (D:\springcosmosservice\target\classes started by Smile in D:\springcosmosservice)
[INFO ] 2020-11-07 12:58:45.718 [main] DeliveryScheduleCrudApplicationKt - No active profile set, falling back to default profiles: default
[INFO ] 2020-11-07 12:59:42.807 [main] DeliveryScheduleCrudApplicationKt - Started DeliveryScheduleCrudApplicationKt in 58.756 seconds (JVM running for 70.436)
[INFO ] 2020-11-07 13:00:27.168 [http-nio-8097-exec-1] DeliveryScheduleCrudController - Inside Base Controller
[INFO ] 2020-11-07 13:00:46.226 [http-nio-8097-exec-4] DeliveryScheduleCrudController - Inside Base Controller
[INFO ] 2020-11-07 13:01:06.684 [http-nio-8097-exec-8] DeliveryScheduleCrudController - Inside Base Controller
[INFO ] 2020-11-07 13:12:50.019 [main] DeliveryScheduleCrudApplicationKt - Starting DeliveryScheduleCrudApplicationKt on DESKTOP-ROUVRQG with PID 17416 (D:\springcosmosservice\target\classes started by Smile in D:\springcosmosservice)
[INFO ] 2020-11-07 13:12:50.328 [main] DeliveryScheduleCrudApplicationKt - No active profile set, falling back to default profiles: default
[INFO ] 2020-11-07 13:13:44.758 [main] DeliveryScheduleCrudApplicationKt - Started DeliveryScheduleCrudApplicationKt in 55.991 seconds (JVM running for 67.939)
[INFO ] 2020-11-07 13:14:58.970 [http-nio-8097-exec-1] DeliveryScheduleCrudController - Inside Base Controller
[INFO ] 2020-11-07 13:49:25.293 [http-nio-8097-exec-7] DeliveryScheduleCrudController - Inside Base Controller
[INFO ] 2020-11-07 13:49:57.672 [http-nio-8097-exec-10] DeliveryScheduleCrudController - Inside Base Controller
[INFO ] 2020-11-07 13:51:50.999 [main] DeliveryScheduleCrudApplicationKt - Starting DeliveryScheduleCrudApplicationKt on DESKTOP-ROUVRQG with PID 7916 (D:\springcosmosservice\target\classes started by Smile in D:\springcosmosservice)
[INFO ] 2020-11-07 13:51:51.074 [main] DeliveryScheduleCrudApplicationKt - No active profile set, falling back to default profiles: default
[INFO ] 2020-11-07 13:52:33.783 [main] DeliveryScheduleCrudApplicationKt - Started DeliveryScheduleCrudApplicationKt in 43.81 seconds (JVM running for 56.909)
[INFO ] 2020-11-07 13:53:21.170 [http-nio-8097-exec-1] DeliveryScheduleCrudController - Inside Base Controller
[INFO ] 2020-11-07 13:53:45.548 [http-nio-8097-exec-5] DeliveryScheduleCrudController - Inside Base Controller
[INFO ] 2020-11-07 14:13:03.066 [main] DeliveryScheduleCrudApplicationKt - Starting DeliveryScheduleCrudApplicationKt on DESKTOP-ROUVRQG with PID 260 (D:\springcosmosservice\target\classes started by Smile in D:\springcosmosservice)
[INFO ] 2020-11-07 14:13:03.177 [main] DeliveryScheduleCrudApplicationKt - No active profile set, falling back to default profiles: default
[INFO ] 2020-11-07 14:13:49.914 [main] DeliveryScheduleCrudApplicationKt - Started DeliveryScheduleCrudApplicationKt in 48.713 seconds (JVM running for 57.407)
[INFO ] 2020-11-07 14:14:16.517 [http-nio-8097-exec-1] DeliveryScheduleCrudController - Inside Base Controller
[INFO ] 2020-11-07 14:17:11.148 [main] DeliveryScheduleCrudApplicationKt - Starting DeliveryScheduleCrudApplicationKt on DESKTOP-ROUVRQG with PID 7860 (D:\springcosmosservice\target\classes started by Smile in D:\springcosmosservice)
[INFO ] 2020-11-07 14:17:11.378 [main] DeliveryScheduleCrudApplicationKt - No active profile set, falling back to default profiles: default
[INFO ] 2020-11-07 14:18:02.433 [main] DeliveryScheduleCrudApplicationKt - Started DeliveryScheduleCrudApplicationKt in 52.517 seconds (JVM running for 61.748)
[INFO ] 2020-11-07 14:18:36.489 [http-nio-8097-exec-1] DeliveryScheduleCrudController - Inside Base Controller
[INFO ] 2020-11-07 14:19:01.495 [http-nio-8097-exec-5] DeliveryScheduleCrudController - Inside Base Controller
[INFO ] 2020-11-07 14:27:18.929 [main] DeliveryScheduleCrudApplicationKt - Starting DeliveryScheduleCrudApplicationKt on DESKTOP-ROUVRQG with PID 4584 (D:\springcosmosservice\target\classes started by Smile in D:\springcosmosservice)
[INFO ] 2020-11-07 14:27:18.983 [main] DeliveryScheduleCrudApplicationKt - No active profile set, falling back to default profiles: default
[INFO ] 2020-11-07 14:28:04.834 [main] DeliveryScheduleCrudApplicationKt - Started DeliveryScheduleCrudApplicationKt in 47.22 seconds (JVM running for 53.82)
[INFO ] 2020-11-07 14:30:36.222 [main] DeliveryScheduleCrudApplicationKt - Starting DeliveryScheduleCrudApplicationKt on DESKTOP-ROUVRQG with PID 4840 (D:\springcosmosservice\target\classes started by Smile in D:\springcosmosservice)
[INFO ] 2020-11-07 14:30:36.742 [main] DeliveryScheduleCrudApplicationKt - No active profile set, falling back to default profiles: default
[INFO ] 2020-11-07 14:31:18.590 [main] DeliveryScheduleCrudApplicationKt - Started DeliveryScheduleCrudApplicationKt in 43.668 seconds (JVM running for 54.485)
[INFO ] 2020-11-07 14:32:30.391 [http-nio-8097-exec-3] DeliveryScheduleCrudController - Inside Base Controller
[INFO ] 2020-11-07 14:33:51.248 [main] DeliveryScheduleCrudApplicationKt - Starting DeliveryScheduleCrudApplicationKt on DESKTOP-ROUVRQG with PID 14296 (D:\springcosmosservice\target\classes started by Smile in D:\springcosmosservice)
[INFO ] 2020-11-07 14:33:51.338 [main] DeliveryScheduleCrudApplicationKt - No active profile set, falling back to default profiles: default
[INFO ] 2020-11-07 14:34:33.628 [main] DeliveryScheduleCrudApplicationKt - Started DeliveryScheduleCrudApplicationKt in 43.802 seconds (JVM running for 49.751)
[INFO ] 2020-11-07 14:34:54.342 [http-nio-8097-exec-3] DeliveryScheduleCrudController - Inside Base Controller
[INFO ] 2020-11-07 14:35:43.768 [http-nio-8097-exec-7] DeliveryScheduleCrudController - Inside Base Controller
[INFO ] 2020-11-07 14:38:00.589 [main] DeliveryScheduleCrudApplicationKt - Starting DeliveryScheduleCrudApplicationKt on DESKTOP-ROUVRQG with PID 6376 (D:\springcosmosservice\target\classes started by Smile in D:\springcosmosservice)
[INFO ] 2020-11-07 14:38:00.679 [main] DeliveryScheduleCrudApplicationKt - No active profile set, falling back to default profiles: default
[INFO ] 2020-11-07 14:38:46.864 [main] DeliveryScheduleCrudApplicationKt - Started DeliveryScheduleCrudApplicationKt in 47.129 seconds (JVM running for 54.609)
[INFO ] 2020-11-07 14:39:23.589 [http-nio-8097-exec-3] DeliveryScheduleCrudController - Inside Base Controller
[INFO ] 2020-11-08 01:39:47.728 [main] DeliveryScheduleCrudApplicationKt - Starting DeliveryScheduleCrudApplicationKt on DESKTOP-ROUVRQG with PID 7532 (D:\springcosmosservice\target\classes started by Smile in D:\springcosmosservice)
[INFO ] 2020-11-08 01:39:48.052 [main] DeliveryScheduleCrudApplicationKt - No active profile set, falling back to default profiles: default
[INFO ] 2020-11-08 01:41:05.573 [main] DeliveryScheduleCrudApplicationKt - Started DeliveryScheduleCrudApplicationKt in 88.123 seconds (JVM running for 113.466)
[INFO ] 2020-11-08 01:42:10.722 [http-nio-8097-exec-1] DeliveryScheduleCrudController - Inside Base Controller
[INFO ] 2020-11-08 02:15:26.665 [main] DeliveryScheduleCrudApplicationKt - Starting DeliveryScheduleCrudApplicationKt on DESKTOP-ROUVRQG with PID 12768 (D:\springcosmosservice\target\classes started by Smile in D:\springcosmosservice)
[INFO ] 2020-11-08 02:15:26.877 [main] DeliveryScheduleCrudApplicationKt - No active profile set, falling back to default profiles: default
[INFO ] 2020-11-08 02:16:17.751 [main] DeliveryScheduleCrudApplicationKt - Started DeliveryScheduleCrudApplicationKt in 52.806 seconds (JVM running for 69.287)
[INFO ] 2020-11-08 02:16:51.896 [http-nio-8097-exec-1] DeliveryScheduleCrudController - Inside Base Controller
[INFO ] 2020-11-08 11:05:19.814 [main] DeliveryScheduleCrudApplicationKt - Starting DeliveryScheduleCrudApplicationKt on DESKTOP-ROUVRQG with PID 12756 (D:\springcosmosservice\target\classes started by Smile in D:\springcosmosservice)
[INFO ] 2020-11-08 11:05:19.918 [main] DeliveryScheduleCrudApplicationKt - No active profile set, falling back to default profiles: default
[INFO ] 2020-11-08 11:06:22.801 [main] DeliveryScheduleCrudApplicationKt - Started DeliveryScheduleCrudApplicationKt in 67.13 seconds (JVM running for 82.823)
[INFO ] 2020-11-08 11:06:33.222 [http-nio-8097-exec-1] DeliveryScheduleCrudController - Inside Base Controller
[INFO ] 2020-11-08 11:10:17.962 [main] DeliveryScheduleCrudApplicationKt - Starting DeliveryScheduleCrudApplicationKt on DESKTOP-ROUVRQG with PID 4664 (D:\springcosmosservice\target\classes started by Smile in D:\springcosmosservice)
[INFO ] 2020-11-08 11:10:18.051 [main] DeliveryScheduleCrudApplicationKt - No active profile set, falling back to default profiles: default
[INFO ] 2020-11-08 11:11:11.848 [main] DeliveryScheduleCrudApplicationKt - Started DeliveryScheduleCrudApplicationKt in 55.969 seconds (JVM running for 64.233)
[INFO ] 2020-11-08 11:11:24.011 [http-nio-8097-exec-1] DeliveryScheduleCrudController - Inside Base Controller
[INFO ] 2020-11-08 11:47:11.727 [main] DeliveryScheduleCrudApplicationKt - Starting DeliveryScheduleCrudApplicationKt on DESKTOP-ROUVRQG with PID 8492 (D:\springcosmosservice\target\classes started by Smile in D:\springcosmosservice)
[INFO ] 2020-11-08 11:47:11.823 [main] DeliveryScheduleCrudApplicationKt - No active profile set, falling back to default profiles: default
[INFO ] 2020-11-08 11:48:08.311 [main] DeliveryScheduleCrudApplicationKt - Started DeliveryScheduleCrudApplicationKt in 58.039 seconds (JVM running for 73.529)
[INFO ] 2020-11-08 11:48:38.154 [http-nio-8097-exec-1] DeliveryScheduleCrudController - Inside Base Controller
[INFO ] 2020-11-08 11:52:44.027 [main] DeliveryScheduleCrudApplicationKt - Starting DeliveryScheduleCrudApplicationKt on DESKTOP-ROUVRQG with PID 10664 (D:\springcosmosservice\target\classes started by Smile in D:\springcosmosservice)
[INFO ] 2020-11-08 11:52:44.568 [main] DeliveryScheduleCrudApplicationKt - No active profile set, falling back to default profiles: default
[INFO ] 2020-11-08 11:53:38.156 [main] DeliveryScheduleCrudApplicationKt - Started DeliveryScheduleCrudApplicationKt in 57.324 seconds (JVM running for 66.522)
[INFO ] 2020-11-08 11:54:22.164 [http-nio-8097-exec-1] DeliveryScheduleCrudController - Inside Base Controller
[INFO ] 2020-11-08 11:55:10.836 [http-nio-8097-exec-2] DeliveryScheduleCrudController - Inside Base Controller
[INFO ] 2020-11-08 11:58:28.191 [main] DeliveryScheduleCrudApplicationKt - Starting DeliveryScheduleCrudApplicationKt on DESKTOP-ROUVRQG with PID 10420 (D:\springcosmosservice\target\classes started by Smile in D:\springcosmosservice)
[INFO ] 2020-11-08 11:58:28.267 [main] DeliveryScheduleCrudApplicationKt - No active profile set, falling back to default profiles: default
[INFO ] 2020-11-08 11:59:14.264 [main] DeliveryScheduleCrudApplicationKt - Started DeliveryScheduleCrudApplicationKt in 47.997 seconds (JVM running for 57.612)
[INFO ] 2020-11-08 11:59:23.256 [http-nio-8097-exec-2] DeliveryScheduleCrudController - Inside Base Controller
[INFO ] 2020-11-08 12:00:48.139 [http-nio-8097-exec-5] DeliveryScheduleCrudController - Inside Base Controller
[INFO ] 2020-11-08 12:00:48.683 [http-nio-8097-exec-3] DeliveryScheduleCrudController - Inside Base Controller
[INFO ] 2020-11-08 12:03:04.344 [http-nio-8097-exec-8] DeliveryScheduleCrudController - Inside Base Controller
[INFO ] 2020-11-08 12:03:46.013 [http-nio-8097-exec-10] DeliveryScheduleCrudController - Inside Base Controller
[INFO ] 2020-11-08 13:19:20.210 [main] DeliveryScheduleCrudApplicationKt - Starting DeliveryScheduleCrudApplicationKt on DESKTOP-ROUVRQG with PID 12308 (D:\springcosmosservice\target\classes started by Smile in D:\springcosmosservice)
[INFO ] 2020-11-08 13:19:20.397 [main] DeliveryScheduleCrudApplicationKt - No active profile set, falling back to default profiles: default
[INFO ] 2020-11-08 13:28:20.647 [main] DeliveryScheduleCrudApplicationKt - Starting DeliveryScheduleCrudApplicationKt on DESKTOP-ROUVRQG with PID 1188 (D:\springcosmosservice\target\classes started by Smile in D:\springcosmosservice)
[INFO ] 2020-11-08 13:28:20.765 [main] DeliveryScheduleCrudApplicationKt - No active profile set, falling back to default profiles: default
[INFO ] 2020-11-08 13:29:17.942 [main] DeliveryScheduleCrudApplicationKt - Started DeliveryScheduleCrudApplicationKt in 59.212 seconds (JVM running for 70.086)
[INFO ] 2020-11-08 13:30:13.694 [http-nio-8097-exec-1] DeliveryScheduleCrudController - Inside Base Controller
[INFO ] 2020-11-08 13:32:32.552 [http-nio-8097-exec-3] DeliveryScheduleCrudController - Inside Base Controller
[INFO ] 2020-11-08 13:33:06.208 [http-nio-8097-exec-5] DeliveryScheduleCrudController - Inside Base Controller
[INFO ] 2020-11-08 13:44:13.502 [main] DeliveryScheduleCrudApplicationKt - Starting DeliveryScheduleCrudApplicationKt on DESKTOP-ROUVRQG with PID 11276 (D:\springcosmosservice\target\classes started by Smile in D:\springcosmosservice)
[INFO ] 2020-11-08 13:44:13.601 [main] DeliveryScheduleCrudApplicationKt - No active profile set, falling back to default profiles: default
[INFO ] 2020-11-08 13:54:31.890 [main] DeliveryScheduleCrudApplicationKt - Starting DeliveryScheduleCrudApplicationKt on DESKTOP-ROUVRQG with PID 11200 (D:\springcosmosservice\target\classes started by Smile in D:\springcosmosservice)
[INFO ] 2020-11-08 13:54:31.982 [main] DeliveryScheduleCrudApplicationKt - No active profile set, falling back to default profiles: default
[INFO ] 2020-11-08 14:15:04.322 [main] DeliveryScheduleCrudApplicationKt - Starting DeliveryScheduleCrudApplicationKt on DESKTOP-ROUVRQG with PID 12524 (D:\springcosmosservice\target\classes started by Smile in D:\springcosmosservice)
[INFO ] 2020-11-08 14:15:04.416 [main] DeliveryScheduleCrudApplicationKt - No active profile set, falling back to default profiles: default
[INFO ] 2020-11-08 14:17:05.968 [main] DeliveryScheduleCrudApplicationKt - Starting DeliveryScheduleCrudApplicationKt on DESKTOP-ROUVRQG with PID 11288 (D:\springcosmosservice\target\classes started by Smile in D:\springcosmosservice)
[INFO ] 2020-11-08 14:17:06.020 [main] DeliveryScheduleCrudApplicationKt - No active profile set, falling back to default profiles: default
[INFO ] 2020-11-08 14:17:59.996 [main] DeliveryScheduleCrudApplicationKt - Started DeliveryScheduleCrudApplicationKt in 55.31 seconds (JVM running for 66.296)
[INFO ] 2020-11-08 18:39:38.637 [main] DeliveryScheduleCrudApplicationKt - Starting DeliveryScheduleCrudApplicationKt on DESKTOP-ROUVRQG with PID 9780 (D:\springcosmosservice\target\classes started by Smile in D:\springcosmosservice)
[INFO ] 2020-11-08 18:39:39.060 [main] DeliveryScheduleCrudApplicationKt - No active profile set, falling back to default profiles: default
[INFO ] 2020-11-08 19:32:15.339 [main] DeliveryScheduleCrudApplicationKt - Starting DeliveryScheduleCrudApplicationKt on DESKTOP-ROUVRQG with PID 11040 (D:\springcosmosservice\target\classes started by Smile in D:\springcosmosservice)
[INFO ] 2020-11-08 19:32:15.493 [main] DeliveryScheduleCrudApplicationKt - No active profile set, falling back to default profiles: default
[INFO ] 2020-11-08 19:33:20.857 [main] DeliveryScheduleCrudApplicationKt - Started DeliveryScheduleCrudApplicationKt in 67.661 seconds (JVM running for 83.939)
[INFO ] 2020-11-08 19:36:15.604 [http-nio-8097-exec-1] DeliveryScheduleCrudController - Inside Base Controller
[INFO ] 2020-11-08 19:36:40.409 [http-nio-8097-exec-2] DeliveryScheduleCrudController - Inside Base Controller
[INFO ] 2020-11-08 19:38:02.288 [http-nio-8097-exec-7] DeliveryScheduleCrudController - Inside Base Controller
[INFO ] 2020-11-08 19:38:29.487 [http-nio-8097-exec-9] DeliveryScheduleCrudController - Inside Base Controller
[INFO ] 2020-11-08 19:43:06.455 [http-nio-8097-exec-2] DeliveryScheduleCrudController - Inside Base Controller
[INFO ] 2020-11-08 19:45:47.631 [main] DeliveryScheduleCrudApplicationKt - Starting DeliveryScheduleCrudApplicationKt on DESKTOP-ROUVRQG with PID 13868 (D:\springcosmosservice\target\classes started by Smile in D:\springcosmosservice)
[INFO ] 2020-11-08 19:45:47.821 [main] DeliveryScheduleCrudApplicationKt - No active profile set, falling back to default profiles: default
[INFO ] 2020-11-08 19:47:08.867 [main] DeliveryScheduleCrudApplicationKt - Started DeliveryScheduleCrudApplicationKt in 84.731 seconds (JVM running for 96.811)
[INFO ] 2020-11-08 19:50:04.433 [main] DeliveryScheduleCrudApplicationKt - Starting DeliveryScheduleCrudApplicationKt on DESKTOP-ROUVRQG with PID 12360 (D:\springcosmosservice\target\classes started by Smile in D:\springcosmosservice)
[INFO ] 2020-11-08 19:50:04.492 [main] DeliveryScheduleCrudApplicationKt - No active profile set, falling back to default profiles: default
[INFO ] 2020-11-08 19:50:50.850 [main] DeliveryScheduleCrudApplicationKt - Started DeliveryScheduleCrudApplicationKt in 47.717 seconds (JVM running for 57.565)
[INFO ] 2020-11-08 19:58:33.337 [main] DeliveryScheduleCrudApplicationKt - Starting DeliveryScheduleCrudApplicationKt on DESKTOP-ROUVRQG with PID 12476 (D:\springcosmosservice\target\classes started by Smile in D:\springcosmosservice)
[INFO ] 2020-11-08 19:58:33.467 [main] DeliveryScheduleCrudApplicationKt - No active profile set, falling back to default profiles: default
[INFO ] 2020-11-08 19:59:18.589 [main] DeliveryScheduleCrudApplicationKt - Started DeliveryScheduleCrudApplicationKt in 47.478 seconds (JVM running for 54.994)
[INFO ] 2020-11-08 20:00:05.551 [http-nio-8097-exec-1] DeliveryScheduleCrudController - Inside Base Controller
[INFO ] 2020-11-08 20:01:04.547 [http-nio-8097-exec-3] DeliveryScheduleCrudController - Inside Base Controller
[INFO ] 2020-11-08 20:01:49.894 [http-nio-8097-exec-5] DeliveryScheduleCrudController - Inside Base Controller
[INFO ] 2020-11-08 20:02:48.659 [http-nio-8097-exec-7] DeliveryScheduleCrudController - Inside Base Controller
[INFO ] 2020-11-08 22:02:08.920 [main] DeliveryScheduleCrudApplicationKt - Starting DeliveryScheduleCrudApplicationKt on DESKTOP-ROUVRQG with PID 10420 (D:\springcosmosservice\target\classes started by Smile in D:\springcosmosservice)
[INFO ] 2020-11-08 22:02:09.067 [main] DeliveryScheduleCrudApplicationKt - No active profile set, falling back to default profiles: default
[INFO ] 2020-11-08 22:03:04.960 [main] DeliveryScheduleCrudApplicationKt - Started DeliveryScheduleCrudApplicationKt in 59.774 seconds (JVM running for 72.535)
[INFO ] 2020-11-08 22:03:14.427 [http-nio-8097-exec-1] DeliveryScheduleCrudController - Inside Base Controller
[INFO ] 2020-11-08 22:08:33.747 [main] DeliveryScheduleCrudApplicationKt - Starting DeliveryScheduleCrudApplicationKt on DESKTOP-ROUVRQG with PID 8464 (D:\springcosmosservice\target\classes started by Smile in D:\springcosmosservice)
[INFO ] 2020-11-08 22:08:33.894 [main] DeliveryScheduleCrudApplicationKt - No active profile set, falling back to default profiles: default
[INFO ] 2020-11-08 22:09:11.820 [main] DeliveryScheduleCrudApplicationKt - Started DeliveryScheduleCrudApplicationKt in 39.687 seconds (JVM running for 53.226)
[INFO ] 2020-11-08 22:09:22.416 [http-nio-8097-exec-1] DeliveryScheduleCrudController - Inside Base Controller
[INFO ] 2020-11-08 22:15:03.757 [main] DeliveryScheduleCrudApplicationKt - Starting DeliveryScheduleCrudApplicationKt on DESKTOP-ROUVRQG with PID 3640 (D:\springcosmosservice\target\classes started by Smile in D:\springcosmosservice)
[INFO ] 2020-11-08 22:15:03.844 [main] DeliveryScheduleCrudApplicationKt - No active profile set, falling back to default profiles: default
[INFO ] 2020-11-08 22:15:49.492 [main] DeliveryScheduleCrudApplicationKt - Started DeliveryScheduleCrudApplicationKt in 47.026 seconds (JVM running for 54.867)
[INFO ] 2020-11-08 22:16:45.132 [main] DeliveryScheduleCrudApplicationKt - Starting DeliveryScheduleCrudApplicationKt on DESKTOP-ROUVRQG with PID 10932 (D:\springcosmosservice\target\classes started by Smile in D:\springcosmosservice)
[INFO ] 2020-11-08 22:16:45.186 [main] DeliveryScheduleCrudApplicationKt - No active profile set, falling back to default profiles: default
[INFO ] 2020-11-08 22:17:13.738 [main] DeliveryScheduleCrudApplicationKt - Started DeliveryScheduleCrudApplicationKt in 29.623 seconds (JVM running for 33.585)
[INFO ] 2020-11-08 22:18:32.643 [http-nio-8097-exec-1] DeliveryScheduleCrudController - Inside Base Controller
[INFO ] 2020-11-08 22:22:09.903 [http-nio-8097-exec-3] DeliveryScheduleCrudController - Inside Base Controller
[INFO ] 2020-11-08 22:52:48.440 [main] DeliveryScheduleCrudApplicationKt - Starting DeliveryScheduleCrudApplicationKt on DESKTOP-ROUVRQG with PID 8600 (D:\springcosmosservice\target\classes started by Smile in D:\springcosmosservice)
[INFO ] 2020-11-08 22:52:48.603 [main] DeliveryScheduleCrudApplicationKt - No active profile set, falling back to default profiles: default
[INFO ] 2020-11-08 22:54:03.850 [main] DeliveryScheduleCrudApplicationKt - Started DeliveryScheduleCrudApplicationKt in 81.199 seconds (JVM running for 105.574)
[INFO ] 2020-11-08 22:56:16.936 [main] DeliveryScheduleCrudApplicationKt - Starting DeliveryScheduleCrudApplicationKt on DESKTOP-ROUVRQG with PID 1744 (D:\springcosmosservice\target\classes started by Smile in D:\springcosmosservice)
[INFO ] 2020-11-08 22:56:17.141 [main] DeliveryScheduleCrudApplicationKt - No active profile set, falling back to default profiles: default
[INFO ] 2020-11-08 22:57:12.120 [main] DeliveryScheduleCrudApplicationKt - Started DeliveryScheduleCrudApplicationKt in 57.891 seconds (JVM running for 70.6)
[INFO ] 2020-11-08 22:57:56.648 [http-nio-8097-exec-1] DeliveryScheduleCrudController - Inside Base Controller
[INFO ] 2020-11-08 22:59:42.934 [main] DeliveryScheduleCrudApplicationKt - Starting DeliveryScheduleCrudApplicationKt on DESKTOP-ROUVRQG with PID 12020 (D:\springcosmosservice\target\classes started by Smile in D:\springcosmosservice)
[INFO ] 2020-11-08 22:59:43.059 [main] DeliveryScheduleCrudApplicationKt - No active profile set, falling back to default profiles: default
[INFO ] 2020-11-08 23:00:26.912 [main] DeliveryScheduleCrudApplicationKt - Started DeliveryScheduleCrudApplicationKt in 45.83 seconds (JVM running for 55.156)
[INFO ] 2020-11-08 23:01:03.421 [http-nio-8097-exec-1] DeliveryScheduleCrudController - Inside Base Controller
[INFO ] 2020-11-08 23:01:31.877 [http-nio-8097-exec-3] DeliveryScheduleCrudController - Inside Base Controller
[INFO ] 2020-11-08 23:04:09.240 [main] DeliveryScheduleCrudApplicationKt - Starting DeliveryScheduleCrudApplicationKt on DESKTOP-ROUVRQG with PID 1064 (D:\springcosmosservice\target\classes started by Smile in D:\springcosmosservice)
[INFO ] 2020-11-08 23:04:09.297 [main] DeliveryScheduleCrudApplicationKt - No active profile set, falling back to default profiles: default
[INFO ] 2020-11-08 23:04:50.467 [main] DeliveryScheduleCrudApplicationKt - Started DeliveryScheduleCrudApplicationKt in 43.563 seconds (JVM running for 52.022)
[INFO ] 2020-11-08 23:05:21.866 [http-nio-8097-exec-1] DeliveryScheduleCrudController - Inside Base Controller
[INFO ] 2020-11-08 23:05:44.145 [http-nio-8097-exec-3] DeliveryScheduleCrudController - Inside Base Controller
[INFO ] 2020-11-08 23:07:40.840 [main] DeliveryScheduleCrudApplicationKt - Starting DeliveryScheduleCrudApplicationKt on DESKTOP-ROUVRQG with PID 12024 (D:\springcosmosservice\target\classes started by Smile in D:\springcosmosservice)
[INFO ] 2020-11-08 23:07:41.081 [main] DeliveryScheduleCrudApplicationKt - No active profile set, falling back to default profiles: default
[INFO ] 2020-11-08 23:08:45.106 [main] DeliveryScheduleCrudApplicationKt - Started DeliveryScheduleCrudApplicationKt in 67.209 seconds (JVM running for 80.934)
[INFO ] 2020-11-08 23:08:56.545 [http-nio-8097-exec-1] DeliveryScheduleCrudController - Inside Base Controller
[INFO ] 2020-11-08 23:12:42.451 [http-nio-8097-exec-3] DeliveryScheduleCrudController - Inside Base Controller
[INFO ] 2020-11-08 23:15:46.375 [main] DeliveryScheduleCrudApplicationKt - Starting DeliveryScheduleCrudApplicationKt on DESKTOP-ROUVRQG with PID 3888 (D:\springcosmosservice\target\classes started by Smile in D:\springcosmosservice)
[INFO ] 2020-11-08 23:15:46.565 [main] DeliveryScheduleCrudApplicationKt - No active profile set, falling back to default profiles: default
[INFO ] 2020-11-08 23:16:46.556 [main] DeliveryScheduleCrudApplicationKt - Started DeliveryScheduleCrudApplicationKt in 62.458 seconds (JVM running for 72.267)
[INFO ] 2020-11-08 23:18:03.042 [http-nio-8097-exec-2] DeliveryScheduleCrudController - Inside Base Controller
[INFO ] 2020-11-08 23:18:27.537 [http-nio-8097-exec-4] DeliveryScheduleCrudController - Inside Base Controller
[INFO ] 2020-11-08 23:18:47.056 [http-nio-8097-exec-6] DeliveryScheduleCrudController - Inside Base Controller
[INFO ] 2020-11-08 23:24:08.626 [main] DeliveryScheduleCrudApplicationKt - Starting DeliveryScheduleCrudApplicationKt on DESKTOP-ROUVRQG with PID 12720 (D:\springcosmosservice\target\classes started by Smile in D:\springcosmosservice)
[INFO ] 2020-11-08 23:24:09.541 [main] DeliveryScheduleCrudApplicationKt - No active profile set, falling back to default profiles: default
[INFO ] 2020-11-08 23:25:36.877 [main] DeliveryScheduleCrudApplicationKt - Started DeliveryScheduleCrudApplicationKt in 94.242 seconds (JVM running for 136.111)
[INFO ] 2020-11-08 23:25:54.524 [http-nio-8097-exec-1] DeliveryScheduleCrudController - Inside Base Controller
[INFO ] 2020-11-08 23:43:23.577 [main] DeliveryScheduleCrudApplicationKt - Starting DeliveryScheduleCrudApplicationKt on DESKTOP-ROUVRQG with PID 9684 (D:\springcosmosservice\target\classes started by Smile in D:\springcosmosservice)
[INFO ] 2020-11-08 23:43:23.693 [main] DeliveryScheduleCrudApplicationKt - No active profile set, falling back to default profiles: default
[INFO ] 2020-11-08 23:50:42.993 [main] DeliveryScheduleCrudApplicationKt - Starting DeliveryScheduleCrudApplicationKt on DESKTOP-ROUVRQG with PID 6008 (D:\springcosmosservice\target\classes started by Smile in D:\springcosmosservice)
[INFO ] 2020-11-08 23:50:43.085 [main] DeliveryScheduleCrudApplicationKt - No active profile set, falling back to default profiles: default
[INFO ] 2020-11-08 23:51:54.211 [main] DeliveryScheduleCrudApplicationKt - Started DeliveryScheduleCrudApplicationKt in 73.512 seconds (JVM running for 89.538)
[INFO ] 2020-11-08 23:52:19.084 [http-nio-8097-exec-1] DeliveryScheduleCrudController - Inside Base Controller
[INFO ] 2020-11-08 23:52:42.312 [http-nio-8097-exec-2] DeliveryScheduleCrudController - Inside Base Controller
[INFO ] 2020-11-08 23:57:32.157 [main] DeliveryScheduleCrudApplicationKt - Starting DeliveryScheduleCrudApplicationKt on DESKTOP-ROUVRQG with PID 8648 (D:\springcosmosservice\target\classes started by Smile in D:\springcosmosservice)
[INFO ] 2020-11-08 23:57:32.287 [main] DeliveryScheduleCrudApplicationKt - No active profile set, falling back to default profiles: default
[INFO ] 2020-11-08 23:58:22.799 [main] DeliveryScheduleCrudApplicationKt - Started DeliveryScheduleCrudApplicationKt in 52.588 seconds (JVM running for 69.54)
[INFO ] 2020-11-08 23:58:32.181 [http-nio-8097-exec-2] DeliveryScheduleCrudController - Inside Base Controller
[INFO ] 2020-11-08 23:58:50.202 [http-nio-8097-exec-3] DeliveryScheduleCrudController - Inside Base Controller
[INFO ] 2020-11-09 00:05:27.716 [main] DeliveryScheduleCrudApplicationKt - Starting DeliveryScheduleCrudApplicationKt on DESKTOP-ROUVRQG with PID 3100 (D:\springcosmosservice\target\classes started by Smile in D:\springcosmosservice)
[INFO ] 2020-11-09 00:05:27.863 [main] DeliveryScheduleCrudApplicationKt - No active profile set, falling back to default profiles: default
[INFO ] 2020-11-09 00:07:40.722 [main] DeliveryScheduleCrudApplicationKt - Starting DeliveryScheduleCrudApplicationKt on DESKTOP-ROUVRQG with PID 2312 (D:\springcosmosservice\target\classes started by Smile in D:\springcosmosservice)
[INFO ] 2020-11-09 00:07:40.801 [main] DeliveryScheduleCrudApplicationKt - No active profile set, falling back to default profiles: default
[INFO ] 2020-11-09 01:05:22.948 [main] DeliveryScheduleCrudApplicationKt - Starting DeliveryScheduleCrudApplicationKt on DESKTOP-ROUVRQG with PID 10768 (D:\springcosmosservice\target\classes started by Smile in D:\springcosmosservice)
[INFO ] 2020-11-09 01:05:24.158 [main] DeliveryScheduleCrudApplicationKt - No active profile set, falling back to default profiles: default
[INFO ] 2020-11-09 01:12:24.249 [main] DeliveryScheduleCrudApplicationKt - Starting DeliveryScheduleCrudApplicationKt on DESKTOP-ROUVRQG with PID 11092 (D:\springcosmosservice\target\classes started by Smile in D:\springcosmosservice)
[INFO ] 2020-11-09 01:12:24.350 [main] DeliveryScheduleCrudApplicationKt - No active profile set, falling back to default profiles: default
[INFO ] 2020-11-09 01:28:07.656 [main] DeliveryScheduleCrudApplicationKt - Starting DeliveryScheduleCrudApplicationKt on DESKTOP-ROUVRQG with PID 580 (D:\springcosmosservice\target\classes started by Smile in D:\springcosmosservice)
[INFO ] 2020-11-09 01:28:08.294 [main] DeliveryScheduleCrudApplicationKt - No active profile set, falling back to default profiles: default
[INFO ] 2020-11-09 01:51:14.520 [main] DeliveryScheduleCrudApplicationKt - Starting DeliveryScheduleCrudApplicationKt on DESKTOP-ROUVRQG with PID 8980 (D:\springcosmosservice\target\classes started by Smile in D:\springcosmosservice)
[INFO ] 2020-11-09 01:51:14.695 [main] DeliveryScheduleCrudApplicationKt - No active profile set, falling back to default profiles: default
[INFO ] 2020-11-09 01:54:57.474 [main] DeliveryScheduleCrudApplicationKt - Starting DeliveryScheduleCrudApplicationKt on DESKTOP-ROUVRQG with PID 11380 (D:\springcosmosservice\target\classes started by Smile in D:\springcosmosservice)
[INFO ] 2020-11-09 01:54:57.664 [main] DeliveryScheduleCrudApplicationKt - No active profile set, falling back to default profiles: default
[INFO ] 2020-11-09 02:09:57.093 [main] DeliveryScheduleCrudApplicationKt - Starting DeliveryScheduleCrudApplicationKt on DESKTOP-ROUVRQG with PID 3744 (D:\springcosmosservice\target\classes started by Smile in D:\springcosmosservice)
[INFO ] 2020-11-09 02:09:57.213 [main] DeliveryScheduleCrudApplicationKt - No active profile set, falling back to default profiles: default
[INFO ] 2020-11-09 02:11:06.912 [main] DeliveryScheduleCrudApplicationKt - Started DeliveryScheduleCrudApplicationKt in 72.959 seconds (JVM running for 85.191)
[INFO ] 2020-11-09 02:12:37.301 [http-nio-8097-exec-2] DeliveryScheduleCrudController - Inside Base Controller
[INFO ] 2020-11-09 02:16:03.422 [main] DeliveryScheduleCrudApplicationKt - Starting DeliveryScheduleCrudApplicationKt on DESKTOP-ROUVRQG with PID 7064 (D:\springcosmosservice\target\classes started by Smile in D:\springcosmosservice)
[INFO ] 2020-11-09 02:16:03.494 [main] DeliveryScheduleCrudApplicationKt - No active profile set, falling back to default profiles: default
[INFO ] 2020-11-09 02:16:54.321 [main] DeliveryScheduleCrudApplicationKt - Started DeliveryScheduleCrudApplicationKt in 52.179 seconds (JVM running for 61.196)
[INFO ] 2020-11-09 02:17:44.742 [http-nio-8097-exec-1] DeliveryScheduleCrudController - Inside Base Controller
[INFO ] 2020-11-09 02:40:03.877 [main] DeliveryScheduleCrudApplicationKt - Starting DeliveryScheduleCrudApplicationKt on DESKTOP-ROUVRQG with PID 5452 (D:\springcosmosservice\target\classes started by Smile in D:\springcosmosservice)
[INFO ] 2020-11-09 02:40:03.934 [main] DeliveryScheduleCrudApplicationKt - No active profile set, falling back to default profiles: default
[INFO ] 2020-11-09 02:40:45.776 [main] DeliveryScheduleCrudApplicationKt - Started DeliveryScheduleCrudApplicationKt in 42.856 seconds (JVM running for 52.56)
[INFO ] 2020-11-09 02:40:57.046 [http-nio-8097-exec-1] DeliveryScheduleCrudController - Inside Base Controller
[INFO ] 2020-11-09 02:42:53.628 [main] DeliveryScheduleCrudApplicationKt - Starting DeliveryScheduleCrudApplicationKt on DESKTOP-ROUVRQG with PID 5820 (D:\springcosmosservice\target\classes started by Smile in D:\springcosmosservice)
[INFO ] 2020-11-09 02:42:53.675 [main] DeliveryScheduleCrudApplicationKt - No active profile set, falling back to default profiles: default
[INFO ] 2020-11-09 02:43:33.227 [main] DeliveryScheduleCrudApplicationKt - Started DeliveryScheduleCrudApplicationKt in 40.962 seconds (JVM running for 46.613)
[INFO ] 2020-11-09 02:44:23.172 [http-nio-8097-exec-1] DeliveryScheduleCrudController - Inside Base Controller
[INFO ] 2020-11-09 02:49:24.906 [http-nio-8097-exec-3] DeliveryScheduleCrudController - Inside Base Controller
[INFO ] 2020-11-09 02:51:26.799 [main] DeliveryScheduleCrudApplicationKt - Starting DeliveryScheduleCrudApplicationKt on DESKTOP-ROUVRQG with PID 3268 (D:\springcosmosservice\target\classes started by Smile in D:\springcosmosservice)
[INFO ] 2020-11-09 02:51:26.934 [main] DeliveryScheduleCrudApplicationKt - No active profile set, falling back to default profiles: default
[INFO ] 2020-11-09 02:51:54.371 [main] DeliveryScheduleCrudApplicationKt - Started DeliveryScheduleCrudApplicationKt in 28.881 seconds (JVM running for 33.379)
[INFO ] 2020-11-09 02:52:06.172 [http-nio-8097-exec-1] DeliveryScheduleCrudController - Inside Base Controller
[INFO ] 2020-11-09 02:52:57.566 [http-nio-8097-exec-4] DeliveryScheduleCrudController - Inside Base Controller
[INFO ] 2020-11-09 02:59:13.360 [main] DeliveryScheduleCrudApplicationKt - Starting DeliveryScheduleCrudApplicationKt on DESKTOP-ROUVRQG with PID 12444 (D:\springcosmosservice\target\classes started by Smile in D:\springcosmosservice)
[INFO ] 2020-11-09 02:59:13.420 [main] DeliveryScheduleCrudApplicationKt - No active profile set, falling back to default profiles: default
[INFO ] 2020-11-09 02:59:51.060 [main] DeliveryScheduleCrudApplicationKt - Started DeliveryScheduleCrudApplicationKt in 38.909 seconds (JVM running for 46.496)
[INFO ] 2020-11-09 03:00:46.385 [http-nio-8097-exec-1] DeliveryScheduleCrudController - Inside Base Controller
[INFO ] 2020-11-09 11:29:17.514 [main] DeliveryScheduleCrudApplicationKt - Starting DeliveryScheduleCrudApplicationKt on DESKTOP-ROUVRQG with PID 5920 (D:\springcosmosservice\target\classes started by Smile in D:\springcosmosservice)
[INFO ] 2020-11-09 11:29:17.682 [main] DeliveryScheduleCrudApplicationKt - No active profile set, falling back to default profiles: default
[INFO ] 2020-11-09 11:30:33.592 [main] DeliveryScheduleCrudApplicationKt - Started DeliveryScheduleCrudApplicationKt in 79.02 seconds (JVM running for 94.983)
[INFO ] 2020-11-09 11:32:00.563 [http-nio-8097-exec-1] DeliveryScheduleCrudController - Inside Base Controller
[INFO ] 2020-11-09 11:32:13.764 [http-nio-8097-exec-2] DeliveryScheduleCrudController - Inside Base Controller
[INFO ] 2020-11-09 12:01:31.582 [main] DeliveryScheduleCrudApplicationKt - Starting DeliveryScheduleCrudApplicationKt on DESKTOP-ROUVRQG with PID 6948 (D:\springcosmosservice\target\classes started by Smile in D:\springcosmosservice)
[INFO ] 2020-11-09 12:01:31.668 [main] DeliveryScheduleCrudApplicationKt - No active profile set, falling back to default profiles: default
[INFO ] 2020-11-09 12:05:00.505 [main] DeliveryScheduleCrudApplicationKt - Starting DeliveryScheduleCrudApplicationKt on DESKTOP-ROUVRQG with PID 2460 (D:\springcosmosservice\target\classes started by Smile in D:\springcosmosservice)
[INFO ] 2020-11-09 12:05:00.555 [main] DeliveryScheduleCrudApplicationKt - No active profile set, falling back to default profiles: default
[INFO ] 2020-11-09 12:05:42.862 [main] DeliveryScheduleCrudApplicationKt - Started DeliveryScheduleCrudApplicationKt in 43.615 seconds (JVM running for 52.946)
[INFO ] 2020-11-09 12:06:42.667 [http-nio-8097-exec-1] DeliveryScheduleCrudController - Inside Base Controller
[INFO ] 2020-11-09 12:07:06.042 [http-nio-8097-exec-3] DeliveryScheduleCrudController - Inside Base Controller
[INFO ] 2020-11-09 12:07:11.346 [http-nio-8097-exec-4] DeliveryScheduleCrudController - Inside Base Controller
[INFO ] 2020-11-09 12:56:41.041 [main] DeliveryScheduleCrudApplicationKt - Starting DeliveryScheduleCrudApplicationKt on DESKTOP-ROUVRQG with PID 13580 (D:\springcosmosservice\target\classes started by Smile in D:\springcosmosservice)
[INFO ] 2020-11-09 12:56:41.260 [main] DeliveryScheduleCrudApplicationKt - No active profile set, falling back to default profiles: default
[INFO ] 2020-11-09 12:57:34.535 [main] DeliveryScheduleCrudApplicationKt - Started DeliveryScheduleCrudApplicationKt in 55.676 seconds (JVM running for 69.327)
[INFO ] 2020-11-09 12:58:22.003 [http-nio-8097-exec-1] DeliveryScheduleCrudController - Inside Base Controller
